This file contains any messages produced by compilers while
running configure, to aid debugging if configure makes a mistake.

It was created by CosmiC configure 0.1, which was
generated by GNU Autoconf 2.72.  Invocation command line was

  $ ./configure

## --------- ##
## Platform. ##
## --------- ##

hostname = borodin.local
uname -m = x86_64
uname -r = 6.6.18
uname -s = Linux
uname -v = #1 SMP PREEMPT_DYNAMIC Fri Feb 23 14:09:45 CST 2024

/usr/bin/uname -p = 11th Gen Intel(R) Core(TM) i7-1165G7 @ 2.80GHz
/bin/uname -X     = unknown

/bin/arch              = x86_64
/usr/bin/arch -k       = unknown
/usr/convex/getsysinfo = unknown
/usr/bin/hostinfo      = unknown
/bin/machine           = unknown
/usr/bin/oslevel       = unknown
/bin/universe          = unknown

PATH: /usr/local/bin/
PATH: /usr/bin/
PATH: /bin/
PATH: /usr/games/
PATH: /usr/share/ant/bin/
PATH: /usr/lib64/libexec/kf5/
PATH: /usr/lib64/kde4/libexec/
PATH: /usr/lib64/java/jre/bin/
PATH: /usr/lib64/qt5/bin/
PATH: /usr/lib64/zulu-openjdk21/bin/
PATH: /home/kmw/.dotnet/tools/


## ----------- ##
## Core tests. ##
## ----------- ##

configure:2110: looking for aux files: compile missing install-sh
configure:2123:  trying ./
configure:2152:   ./compile found
configure:2152:   ./missing found
configure:2134:   ./install-sh found
configure:2286: checking for a BSD-compatible install
configure:2360: result: /usr/bin/ginstall -c
configure:2371: checking whether build environment is sane
configure:2426: result: yes
configure:2587: checking for a race-free mkdir -p
configure:2630: result: /usr/bin/mkdir -p
configure:2637: checking for gawk
configure:2658: found /usr/bin/gawk
configure:2670: result: gawk
configure:2681: checking whether make sets $(MAKE)
configure:2705: result: yes
configure:2735: checking whether make supports nested variables
configure:2754: result: yes
configure:2955: checking for gcc
configure:2976: found /usr/bin/gcc
configure:2988: result: gcc
configure:3347: checking for C compiler version
configure:3356: gcc --version >&5
gcc (GCC) 13.2.0
Copyright (C) 2023 Free Software Foundation, Inc.
This is free software; see the source for copying conditions.  There is NO
warranty; not even for MERCHANTABILITY or FITNESS FOR A PARTICULAR PURPOSE.

configure:3367: $? = 0
configure:3356: gcc -v >&5
Reading specs from /usr/lib64/gcc/x86_64-slackware-linux/13.2.0/specs
COLLECT_GCC=gcc
COLLECT_LTO_WRAPPER=/usr/libexec/gcc/x86_64-slackware-linux/13.2.0/lto-wrapper
Target: x86_64-slackware-linux
Configured with: ../gcc-13.2.0/configure --prefix=/usr --libdir=/usr/lib64 --mandir=/usr/man --infodir=/usr/info --enable-shared --enable-bootstrap --enable-languages=ada,c,c++,d,fortran,go,lto,m2,objc,obj-c++ --enable-threads=posix --enable-checking=release --enable-objc-gc --with-system-zlib --enable-libstdcxx-dual-abi --with-default-libstdcxx-abi=new --disable-libstdcxx-pch --disable-libunwind-exceptions --enable-__cxa_atexit --disable-libssp --enable-gnu-unique-object --enable-plugin --enable-lto --disable-install-libiberty --enable-gnu-indirect-function --with-linker-hash-style=gnu --with-gnu-ld --with-isl --verbose --with-arch-directory=amd64 --disable-gtktest --disable-werror --enable-clocale=gnu --enable-multilib --target=x86_64-slackware-linux --build=x86_64-slackware-linux --host=x86_64-slackware-linux
Thread model: posix
Supported LTO compression algorithms: zlib zstd
gcc version 13.2.0 (GCC) 
configure:3367: $? = 0
configure:3356: gcc -V >&5
gcc: error: unrecognized command-line option '-V'
gcc: fatal error: no input files
compilation terminated.
configure:3367: $? = 1
configure:3356: gcc -qversion >&5
gcc: error: unrecognized command-line option '-qversion'; did you mean '--version'?
gcc: fatal error: no input files
compilation terminated.
configure:3367: $? = 1
configure:3356: gcc -version >&5
gcc: error: unrecognized command-line option '-version'
gcc: fatal error: no input files
compilation terminated.
configure:3367: $? = 1
configure:3387: checking whether the C compiler works
configure:3409: gcc    conftest.c  >&5
configure:3413: $? = 0
configure:3464: result: yes
configure:3468: checking for C compiler default output file name
configure:3470: result: a.out
configure:3476: checking for suffix of executables
configure:3483: gcc -o conftest    conftest.c  >&5
configure:3487: $? = 0
configure:3511: result: 
configure:3535: checking whether we are cross compiling
configure:3543: gcc -o conftest    conftest.c  >&5
configure:3547: $? = 0
configure:3554: ./conftest
configure:3558: $? = 0
configure:3573: result: no
configure:3579: checking for suffix of object files
configure:3602: gcc -c   conftest.c >&5
configure:3606: $? = 0
configure:3630: result: o
configure:3634: checking whether the compiler supports GNU C
configure:3654: gcc -c   conftest.c >&5
configure:3654: $? = 0
configure:3666: result: yes
configure:3677: checking whether gcc accepts -g
configure:3698: gcc -c -g  conftest.c >&5
configure:3698: $? = 0
configure:3745: result: yes
configure:3765: checking for gcc option to enable C11 features
configure:3780: gcc  -c -g -O2  conftest.c >&5
configure:3780: $? = 0
configure:3799: result: none needed
configure:3923: checking whether gcc understands -c and -o together
configure:3946: gcc -c conftest.c -o conftest2.o
configure:3949: $? = 0
configure:3946: gcc -c conftest.c -o conftest2.o
configure:3949: $? = 0
configure:3962: result: yes
configure:3982: checking whether make supports the include directive
configure:3997: make -f confmf.GNU && cat confinc.out
this is the am__doit target
configure:4000: $? = 0
configure:4019: result: yes (GNU style)
configure:4045: checking dependency style of gcc
configure:4158: result: gcc3
configure:4222: checking for ranlib
configure:4243: found /usr/bin/ranlib
configure:4255: result: ranlib
configure:4389: checking that generated files are newer than configure
configure:4395: result: done
configure:4418: creating ./config.status

## ---------------------- ##
## Running config.status. ##
## ---------------------- ##

This file was extended by CosmiC config.status 0.1, which was
generated by GNU Autoconf 2.72.  Invocation command line was

  CONFIG_FILES    = 
  CONFIG_HEADERS  = 
  CONFIG_LINKS    = 
  CONFIG_COMMANDS = 
  $ ./config.status 

on borodin.local

config.status:843: creating Makefile
config.status:843: creating common/Makefile
config.status:843: creating cosmic-lexer/Makefile
config.status:843: creating include/Makefile
config.status:843: creating config.h
config.status:1072: executing depfiles commands
config.status:1149: cd common       && sed -e '/# am--include-marker/d' Makefile         | make -f - am--depfiles
config.status:1154: $? = 0
config.status:1149: cd cosmic-lexer       && sed -e '/# am--include-marker/d' Makefile         | make -f - am--depfiles
config.status:1154: $? = 0

## ---------------- ##
## Cache variables. ##
## ---------------- ##

ac_cv_c_compiler_gnu=yes
ac_cv_env_CC_set=
ac_cv_env_CC_value=
ac_cv_env_CFLAGS_set=
ac_cv_env_CFLAGS_value=
ac_cv_env_CPPFLAGS_set=
ac_cv_env_CPPFLAGS_value=
ac_cv_env_LDFLAGS_set=
ac_cv_env_LDFLAGS_value=
ac_cv_env_LIBS_set=
ac_cv_env_LIBS_value=
ac_cv_env_build_alias_set=
ac_cv_env_build_alias_value=
ac_cv_env_host_alias_set=
ac_cv_env_host_alias_value=
ac_cv_env_target_alias_set=
ac_cv_env_target_alias_value=
ac_cv_objext=o
ac_cv_path_install='/usr/bin/ginstall -c'
ac_cv_path_mkdir=/usr/bin/mkdir
ac_cv_prog_AWK=gawk
ac_cv_prog_ac_ct_CC=gcc
ac_cv_prog_ac_ct_RANLIB=ranlib
ac_cv_prog_cc_c11=
ac_cv_prog_cc_g=yes
ac_cv_prog_cc_stdc=
ac_cv_prog_make_make_set=yes
am_cv_CC_dependencies_compiler_type=gcc3
am_cv_make_support_nested_variables=yes
am_cv_prog_cc_c_o=yes

## ----------------- ##
## Output variables. ##
## ----------------- ##

ACLOCAL='${SHELL} '\''/home/kmw/projects/CosmiC/missing'\'' aclocal-1.16'
AMDEPBACKSLASH='\'
AMDEP_FALSE='#'
AMDEP_TRUE=''
AMTAR='$${TAR-tar}'
AM_BACKSLASH='\'
AM_DEFAULT_V='$(AM_DEFAULT_VERBOSITY)'
AM_DEFAULT_VERBOSITY='1'
AM_V='$(V)'
AUTOCONF='${SHELL} '\''/home/kmw/projects/CosmiC/missing'\'' autoconf'
AUTOHEADER='${SHELL} '\''/home/kmw/projects/CosmiC/missing'\'' autoheader'
AUTOMAKE='${SHELL} '\''/home/kmw/projects/CosmiC/missing'\'' automake-1.16'
AWK='gawk'
CC='gcc'
CCDEPMODE='depmode=gcc3'
CFLAGS='-g -O2'
CPPFLAGS=''
CSCOPE='cscope'
CTAGS='ctags'
CYGPATH_W='echo'
DEFS='-DHAVE_CONFIG_H'
DEPDIR='.deps'
ECHO_C=''
ECHO_N='-n'
ECHO_T=''
ETAGS='etags'
EXEEXT=''
INSTALL_DATA='${INSTALL} -m 644'
INSTALL_PROGRAM='${INSTALL}'
INSTALL_SCRIPT='${INSTALL}'
INSTALL_STRIP_PROGRAM='$(install_sh) -c -s'
LDFLAGS=''
LIBOBJS=''
LIBS=''
LTLIBOBJS=''
MAKEINFO='${SHELL} '\''/home/kmw/projects/CosmiC/missing'\'' makeinfo'
MKDIR_P='/usr/bin/mkdir -p'
OBJEXT='o'
PACKAGE='cosmic'
PACKAGE_BUGREPORT='kurt.maxwell.weber@gmail.com'
PACKAGE_NAME='CosmiC'
PACKAGE_STRING='CosmiC 0.1'
PACKAGE_TARNAME='cosmic'
PACKAGE_URL=''
PACKAGE_VERSION='0.1'
PATH_SEPARATOR=':'
RANLIB='ranlib'
SET_MAKE=''
SHELL='/bin/sh'
STRIP=''
VERSION='0.1'
ac_ct_CC='gcc'
am__EXEEXT_FALSE=''
am__EXEEXT_TRUE='#'
am__fastdepCC_FALSE='#'
am__fastdepCC_TRUE=''
am__include='include'
am__isrc=''
am__leading_dot='.'
am__nodep='_no'
am__quote=''
am__tar='$${TAR-tar} chof - "$$tardir"'
am__untar='$${TAR-tar} xf -'
bindir='${exec_prefix}/bin'
build_alias=''
datadir='${datarootdir}'
datarootdir='${prefix}/share'
docdir='${datarootdir}/doc/${PACKAGE_TARNAME}'
dvidir='${docdir}'
exec_prefix='${prefix}'
host_alias=''
htmldir='${docdir}'
includedir='${prefix}/include'
infodir='${datarootdir}/info'
install_sh='${SHELL} /home/kmw/projects/CosmiC/install-sh'
libdir='${exec_prefix}/lib'
libexecdir='${exec_prefix}/libexec'
localedir='${datarootdir}/locale'
localstatedir='${prefix}/var'
mandir='${datarootdir}/man'
mkdir_p='$(MKDIR_P)'
oldincludedir='/usr/include'
pdfdir='${docdir}'
prefix='/usr/local'
program_transform_name='s,x,x,'
psdir='${docdir}'
runstatedir='${localstatedir}/run'
sbindir='${exec_prefix}/sbin'
sharedstatedir='${prefix}/com'
sysconfdir='${prefix}/etc'
target_alias=''

## ----------- ##
## confdefs.h. ##
## ----------- ##

/* confdefs.h */
#define PACKAGE_NAME "CosmiC"
#define PACKAGE_TARNAME "cosmic"
#define PACKAGE_VERSION "0.1"
#define PACKAGE_STRING "CosmiC 0.1"
#define PACKAGE_BUGREPORT "kurt.maxwell.weber@gmail.com"
#define PACKAGE_URL ""
#define PACKAGE "cosmic"
#define VERSION "0.1"

configure: exit 0
